1456636268906 2016-02-28T05:11:08.906Z 21131.18
1456636328032 2016-02-28T05:12:08.032Z 21131.18
1456636622464 2016-02-28T05:17:02.464Z 21131.18
1456636650246 2016-02-28T05:17:30.246Z 21131.18
1456636786418 2016-02-28T05:19:46.418Z 21131.18
1456637076366 2016-02-28T05:24:36.366Z 21131.18
1456637238549 2016-02-28T05:27:18.549Z 21131.18
1456637384482 2016-02-28T05:29:44.482Z 21131.18
1456637624809 2016-02-28T05:33:44.809Z 21131.18
1456637659056 2016-02-28T05:34:19.056Z 21131.18
1456638157076 2016-02-28T05:42:37.076Z 21131.18
1456638259518 2016-02-28T05:44:19.518Z 21131.18
1456639502410 2016-02-28T06:05:02.410Z 21131.18
1456655535785 2016-02-28T10:32:15.785Z 21131.18
1456657336757 2016-02-28T11:02:16.757Z 21131.18
1456659136278 2016-02-28T11:32:16.278Z 21131.18
1456660936085 2016-02-28T12:02:16.085Z 21131.18
1456662735381 2016-02-28T12:32:15.381Z 21131.18
1456664535346 2016-02-28T13:02:15.346Z 21131.18
1456666337175 2016-02-28T13:32:17.175Z 21131.18
1456668135898 2016-02-28T14:02:15.898Z 21131.18
1456671735154 2016-02-28T15:02:15.154Z 21131.18
1456675335426 2016-02-28T16:02:15.426Z 21131.18
1456677135323 2016-02-28T16:32:15.323Z 21131.18
1456678935130 2016-02-28T17:02:15.130Z 21131.18
1456680735078 2016-02-28T17:32:15.078Z 21131.18
1456682534617 2016-02-28T18:02:14.617Z 21131.18
1456684336040 2016-02-28T18:32:16.040Z 21131.18
1456686134832 2016-02-28T19:02:14.832Z 21131.18
1456687935002 2016-02-28T19:32:15.002Z 21131.18
1456689734856 2016-02-28T20:02:14.856Z 21131.18
1456693334917 2016-02-28T21:02:14.917Z 21131.18
1456695134412 2016-02-28T21:32:14.412Z 21131.18
1456696934783 2016-02-28T22:02:14.783Z 21131.18
1456698736017 2016-02-28T22:32:16.017Z 21131.18
1456700534977 2016-02-28T23:02:14.977Z 21131.18
1456707735471 2016-02-29T01:02:15.471Z 21131.18
1456723933903 2016-02-29T05:32:13.903Z 21131.18
1456725733925 2016-02-29T06:02:13.925Z 21131.18
1456727533817 2016-02-29T06:32:13.817Z 21131.18
1456731133970 2016-02-29T07:32:13.970Z 21131.18
1456732937191 2016-02-29T08:02:17.191Z 21091.18
1456734734080 2016-02-29T08:32:14.080Z 21091.18
1456736533404 2016-02-29T09:02:13.404Z 21091.18
1456738333823 2016-02-29T09:32:13.823Z 21091.18
1456740133853 2016-02-29T10:02:13.853Z 21091.18
1456741933683 2016-02-29T10:32:13.683Z 21071.18
1456743734215 2016-02-29T11:02:14.215Z 21071.18
1456745533786 2016-02-29T11:32:13.786Z 21071.18
1456747334610 2016-02-29T12:02:14.610Z 21071.18
1456749133525 2016-02-29T12:32:13.525Z 21071.18
1456750934604 2016-02-29T13:02:14.604Z 21071.18
1456752735107 2016-02-29T13:32:15.107Z 21071.18
1456761732897 2016-02-29T16:02:12.897Z 21087.65
1456763533891 2016-02-29T16:32:13.891Z 21087.65
1456765333534 2016-02-29T17:02:13.534Z 21087.65
1456767133919 2016-02-29T17:32:13.919Z 21087.65
1456772534796 2016-02-29T19:02:14.796Z 21087.65
1456774332518 2016-02-29T19:32:12.518Z 21087.65
1456776133010 2016-02-29T20:02:13.010Z 21087.65
1456777933676 2016-02-29T20:32:13.676Z 21087.65
1456779732645 2016-02-29T21:02:12.645Z 21087.65
1456781532571 2016-02-29T21:32:12.571Z 21087.65
1456783332946 2016-02-29T22:02:12.946Z 21087.65
1456785132507 2016-02-29T22:32:12.507Z 21087.65
1456786932706 2016-02-29T23:02:12.706Z 21087.65
1456792332348 2016-03-01T00:32:12.348Z 21087.65
1456794132280 2016-03-01T01:02:12.280Z 21087.65
1456797732668 2016-03-01T02:02:12.668Z 21087.65
1456799531943 2016-03-01T02:32:11.943Z 21087.65
1456804932845 2016-03-01T04:02:12.845Z 21087.65
1456810332628 2016-03-01T05:32:12.628Z 21087.65
1456812131748 2016-03-01T06:02:11.748Z 21087.65
1456813931818 2016-03-01T06:32:11.818Z 21087.65
1456815731439 2016-03-01T07:02:11.439Z 21087.65
1456817531668 2016-03-01T07:32:11.668Z 21087.65
1456819332011 2016-03-01T08:02:12.011Z 21087.65
1456821132181 2016-03-01T08:32:12.181Z 21087.65
1456822931641 2016-03-01T09:02:11.641Z 21087.65
1456824733393 2016-03-01T09:32:13.393Z 21087.65
1456826533646 2016-03-01T10:02:13.646Z 21087.65
1456828331471 2016-03-01T10:32:11.471Z 21087.65
1456830131874 2016-03-01T11:02:11.874Z 21087.65
1456831933228 2016-03-01T11:32:13.228Z 21087.65
1456835531394 2016-03-01T12:32:11.394Z 21087.65
1456837331190 2016-03-01T13:02:11.190Z 21087.65
1456839135431 2016-03-01T13:32:15.431Z 21087.65
1456844531700 2016-03-01T15:02:11.700Z 21085.98
1456848131650 2016-03-01T16:02:11.650Z 21085.98
1456855330800 2016-03-01T18:02:10.800Z 21085.98
1456857131846 2016-03-01T18:32:11.846Z 21085.98
1456860730291 2016-03-01T19:32:10.291Z 21085.98
1456862531519 2016-03-01T20:02:11.519Z 21085.98
1456864330172 2016-03-01T20:32:10.172Z 21085.98
1456866130192 2016-03-01T21:02:10.192Z 21085.98
1456867930456 2016-03-01T21:32:10.456Z 21085.98
1456869730442 2016-03-01T22:02:10.442Z 21085.98
1456871531105 2016-03-01T22:32:11.105Z 21085.98
1456875130670 2016-03-01T23:32:10.670Z 21085.98
1456876930919 2016-03-02T00:02:10.919Z 21085.98
1456882330820 2016-03-02T01:32:10.820Z 21054.83
1456887730532 2016-03-02T03:02:10.532Z 21054.83
1456891330361 2016-03-02T04:02:10.361Z 21054.83
1456900330036 2016-03-02T06:32:10.036Z 21054.83
1456905730585 2016-03-02T08:02:10.585Z 21054.83
1456907529759 2016-03-02T08:32:09.759Z 21054.83
1456909329855 2016-03-02T09:02:09.855Z 21054.83
1456912929547 2016-03-02T10:02:09.547Z 21054.83
1456914729382 2016-03-02T10:32:09.382Z 21054.83
1456916529657 2016-03-02T11:02:09.657Z 21054.83
1456918329817 2016-03-02T11:32:09.817Z 21054.83
1456920129687 2016-03-02T12:02:09.687Z 21054.83
1456921930681 2016-03-02T12:32:10.681Z 21054.83
1456923729315 2016-03-02T13:02:09.315Z 21054.83
1456930929195 2016-03-02T15:02:09.195Z 21055.74
1456932728902 2016-03-02T15:32:08.902Z 21055.74
1456934528388 2016-03-02T16:02:08.388Z 21055.74
1456936328823 2016-03-02T16:32:08.823Z 21055.74
1457028346444 2016-03-03T18:05:46.444Z 21035.74
1457030145481 2016-03-03T18:35:45.481Z 21035.74
1457031948913 2016-03-03T19:05:48.913Z 21035.74
1457033745386 2016-03-03T19:35:45.386Z 21035.74
1457035545246 2016-03-03T20:05:45.246Z 21035.74
1457037345138 2016-03-03T20:35:45.138Z 21035.74
1457039144896 2016-03-03T21:05:44.896Z 21035.74
1457040945995 2016-03-03T21:35:45.995Z 21035.74
1457042745781 2016-03-03T22:05:45.781Z 21035.74
1457044545235 2016-03-03T22:35:45.235Z 21035.74
1457046344937 2016-03-03T23:05:44.937Z 21035.74
1457048145044 2016-03-03T23:35:45.044Z 21035.74
1457049945319 2016-03-04T00:05:45.319Z 21035.74
1457051745480 2016-03-04T00:35:45.480Z 21035.74
1457053544711 2016-03-04T01:05:44.711Z 21035.74
1457055344921 2016-03-04T01:35:44.921Z 21035.74
1457057144651 2016-03-04T02:05:44.651Z 20890.74
1457058945194 2016-03-04T02:35:45.194Z 20870.99
1457060746164 2016-03-04T03:05:46.164Z 20870.99
1457062544989 2016-03-04T03:35:44.989Z 20870.99
1457064344888 2016-03-04T04:05:44.888Z 20870.99
1457066144728 2016-03-04T04:35:44.728Z 20870.99
1457067945573 2016-03-04T05:05:45.573Z 20870.99
1457071544442 2016-03-04T06:05:44.442Z 20870.99
1457073344939 2016-03-04T06:35:44.939Z 20870.99
1457075145282 2016-03-04T07:05:45.282Z 20870.99
1457076948626 2016-03-04T07:35:48.626Z 20870.99
1457078744697 2016-03-04T08:05:44.697Z 20870.99
1457082344306 2016-03-04T09:05:44.306Z 20870.99
1457085944275 2016-03-04T10:05:44.275Z 20870.99
1457087744005 2016-03-04T10:35:44.005Z 20870.99
1457089544355 2016-03-04T11:05:44.355Z 20864.09
1457091037166 2016-03-04T11:30:37.166Z 20864.09
1457146455808 2016-03-05T02:54:15.808Z 20864.09
1457148255682 2016-03-05T03:24:15.682Z 20864.09
1457231566015 2016-03-06T02:32:46.015Z 20756.56
1457233370250 2016-03-06T03:02:50.250Z 20756.56
1457235165617 2016-03-06T03:32:45.617Z 20756.56
1457236965738 2016-03-06T04:02:45.738Z 20756.56
1457238765472 2016-03-06T04:32:45.472Z 20756.56
1457240562782 2016-03-06T05:02:42.782Z 20756.56
1457242367726 2016-03-06T05:32:47.726Z 20756.56
1457244164034 2016-03-06T06:02:44.034Z 20756.56
1457245962746 2016-03-06T06:32:42.746Z 20756.56
1457247763201 2016-03-06T07:02:43.201Z 20756.56
1457249562776 2016-03-06T07:32:42.776Z 20756.56
1457251360145 2016-03-06T08:02:40.145Z 20756.56
1457253163109 2016-03-06T08:32:43.109Z 20756.56
1457254962758 2016-03-06T09:02:42.758Z 20756.56
1457256762145 2016-03-06T09:32:42.145Z 20756.56
1457258563418 2016-03-06T10:02:43.418Z 20756.56
1457260363422 2016-03-06T10:32:43.422Z 20756.56
1457263962082 2016-03-06T11:32:42.082Z 20756.56
1457265763548 2016-03-06T12:02:43.548Z 20756.56
1457267562283 2016-03-06T12:32:42.283Z 20756.56
1457271162477 2016-03-06T13:32:42.477Z 20756.56
1457274762364 2016-03-06T14:32:42.364Z 20756.56
1457276561722 2016-03-06T15:02:41.722Z 20756.56
1457280161775 2016-03-06T16:02:41.775Z 20756.56
1457281961708 2016-03-06T16:32:41.708Z 20756.56
1457309416373 2016-03-07T00:10:16.373Z 20756.56
1457318863755 2016-03-07T02:47:43.755Z 20756.56
1458694378123 2016-03-23T00:52:58.123Z 28519.369999999995
1458697549163 2016-03-23T01:45:49.163Z 28519.369999999995
1458697588965 2016-03-23T01:46:28.965Z 28519.369999999995
1458697790416 2016-03-23T01:49:50.416Z 28519.369999999995
1458697841908 2016-03-23T01:50:41.908Z 28519.369999999995
1458697938973 2016-03-23T01:52:18.973Z 28519.369999999995
1458697960783 2016-03-23T01:52:40.783Z 28519.369999999995
1458698042062 2016-03-23T01:54:02.062Z 28519.369999999995
1458698080517 2016-03-23T01:54:40.517Z 28519.369999999995
1458698122878 2016-03-23T01:55:22.878Z 28519.369999999995
1458698138805 2016-03-23T01:55:38.805Z 28519.369999999995
1458698164978 2016-03-23T01:56:04.978Z 28519.369999999995
1458698203274 2016-03-23T01:56:43.274Z 28519.369999999995
1458698224605 2016-03-23T01:57:04.605Z 28519.369999999995
1458698243357 2016-03-23T01:57:23.357Z 28519.369999999995
1458698262272 2016-03-23T01:57:42.272Z 28519.369999999995
1458698297874 2016-03-23T01:58:17.874Z 28519.369999999995
1458698421655 2016-03-23T02:00:21.655Z 28519.369999999995
1458700221757 2016-03-23T02:30:21.757Z 28519.369999999995
1458702021925 2016-03-23T03:00:21.925Z 28519.369999999995
1458703821840 2016-03-23T03:30:21.840Z 28519.369999999995
1458705622280 2016-03-23T04:00:22.280Z 28519.369999999995
1458707421672 2016-03-23T04:30:21.672Z 28519.369999999995
1458709219490 2016-03-23T05:00:19.490Z 28519.369999999995
1458711021509 2016-03-23T05:30:21.509Z 28519.369999999995
1458712820726 2016-03-23T06:00:20.726Z 28519.369999999995
1458714620758 2016-03-23T06:30:20.758Z 28519.369999999995
1458716420894 2016-03-23T07:00:20.894Z 28519.369999999995
1458718219553 2016-03-23T07:30:19.553Z 40820.17
1458720020572 2016-03-23T08:00:20.572Z 40820.17
1458721819293 2016-03-23T08:30:19.293Z 40820.17
1458723619295 2016-03-23T09:00:19.295Z 40820.17
1458768534497 2016-03-23T21:28:54.497Z 40809.82000000001
1458773934303 2016-03-23T22:58:54.303Z 40809.82000000001
1458798145000 2016-03-24T05:42:25.379Z 40790.83
1458798233000 2016-03-24T05:43:53.701Z 40790.83
1458799860000 2016-03-24T06:11:00.910Z 40790.83
1458800227000 2016-03-24T06:17:07.829Z 40790.83
1458800325000 2016-03-24T06:18:45.657Z 40790.83
1458801496000 2016-03-24T06:38:16.326Z 40790.83
1458802489000 2016-03-24T06:54:49.520Z 40790.83
1458802561000 2016-03-24T06:56:01.058Z 40790.83
1458802894410 2016-03-24T07:01:34.410Z 40790.83
1458803004104 2016-03-24T07:03:24.104Z 40790.83
